生成启动时间为 2017/12/16 23:26:12。
     1>项目“F:\GitHub_Project\Cocos2d-X_Tools\ClipboardHelper\proj.win32\ClipboardHelper.vcxproj”在节点 2 上(Build 个目标)。
     1>ClCompile:
         C:\Program Files (x86)\Microsoft Visual Studio 12.0\VC\bin\CL.exe /c /I"C:\Cocos\Cocos2d-x\cocos2d-x-3.10\cocos\audio\include" /I"C:\Cocos\Cocos2d-x\cocos2d-x-3.10\external" /I"C:\Cocos\Cocos2d-x\cocos2d-x-3.10\external\chipmunk\include\chipmunk" /I"C:\Cocos\Cocos2d-x\cocos2d-x-3.10\extensions" /I..\Classes /I.. /I"C:\Cocos\Cocos2d-x\cocos2d-x-3.10\cocos\2d\..\..\cocos\editor-support" /I"C:\Cocos\Cocos2d-x\cocos2d-x-3.10\cocos\2d\..\..\cocos" /I"C:\Cocos\Cocos2d-x\cocos2d-x-3.10\cocos\2d\..\..\cocos\platform" /I"C:\Cocos\Cocos2d-x\cocos2d-x-3.10\cocos\2d\..\..\cocos\platform\desktop" /I"C:\Cocos\Cocos2d-x\cocos2d-x-3.10\cocos\2d\..\..\external\glfw3\include\win32" /I"C:\Cocos\Cocos2d-x\cocos2d-x-3.10\cocos\2d\..\..\external\win32-specific\gles\include\OGLES" /I"C:\Cocos\Cocos2d-x\cocos2d-x-3.10\cocos\2d\..\..\external\freetype2\include\win32\freetype2" /I"C:\Cocos\Cocos2d-x\cocos2d-x-3.10\cocos\2d\..\..\external\freetype2\include\win32\\" /I"C:\Cocos\Cocos2d-x\cocos2d-x-3.10\cocos\2d\..\..\external" /ZI /nologo /W3 /WX- /MP /Od /Oy- /D WIN32 /D _WINDOWS /D _USE_MATH_DEFINES /D GL_GLEXT_PROTOTYPES /D CC_ENABLE_CHIPMUNK_INTEGRATION=1 /D COCOS2D_DEBUG=1 /D _CRT_SECURE_NO_WARNINGS /D _SCL_SECURE_NO_WARNINGS /D _VARIADIC_MAX=10 /D _USING_V110_SDK71_ /D _UNICODE /D UNICODE /Gm- /EHsc /RTC1 /MD /GS /fp:precise /Zc:wchar_t /Zc:forScope /Fo"Debug.win32\\" /Fd"Debug.win32\vc120.pdb" /Gd /TP /wd4267 /wd4251 /wd4244 /analyze- /errorReport:prompt ..\Classes\AppDelegate.cpp ..\Classes\HelloWorldScene.cpp main.cpp
         AppDelegate.cpp
         HelloWorldScene.cpp
         main.cpp
     1>f:\github_project\cocos2d-x_tools\clipboardhelper\classes\appdelegate.cpp(40): warning C4305: “参数”: 从“double”到“float”截断
     1>f:\github_project\cocos2d-x_tools\clipboardhelper\classes\helloworldscene.cpp(49): warning C4996: 'cocos2d::ui::TextField::setText': 被声明为已否决
                 c:\cocos\cocos2d-x\cocos2d-x-3.10\cocos\ui\uitextfield.h(410) : 参见“cocos2d::ui::TextField::setText”的声明
       ResourceCompile:
         C:\Program Files (x86)\Microsoft SDKs\Windows\v7.1A\bin\rc.exe /D _USING_V110_SDK71_ /D _UNICODE /D UNICODE /l"0x0409" /nologo /fo"Debug.win32\game.res" game.rc 
       PreLinkEvent:
         if not exist "F:\GitHub_Project\Cocos2d-X_Tools\ClipboardHelper\proj.win32\Debug.win32\" mkdir "F:\GitHub_Project\Cocos2d-X_Tools\ClipboardHelper\proj.win32\Debug.win32\"
         xcopy /Y /Q "C:\Cocos\Cocos2d-x\cocos2d-x-3.10\prebuilt\win32\*.*" "F:\GitHub_Project\Cocos2d-X_Tools\ClipboardHelper\proj.win32\Debug.win32\"
         
         :VCEnd
         复制了 60 个文件
       Link:
         C:\Program Files (x86)\Microsoft Visual Studio 12.0\VC\bin\link.exe /ERRORREPORT:PROMPT /OUT:"F:\GitHub_Project\Cocos2d-X_Tools\ClipboardHelper\proj.win32\Debug.win32\ClipboardHelper.exe" /INCREMENTAL /NOLOGO /LIBPATH:"F:\GitHub_Project\Cocos2d-X_Tools\ClipboardHelper\proj.win32\Debug.win32\\" /LIBPATH:"F:\GitHub_Project\Cocos2d-X_Tools\ClipboardHelper\proj.win32\Debug.win32\\" opengl32.lib glew32.lib libzlib.lib libwebp.lib libiconv.lib freetype.lib winmm.lib ws2_32.lib kernel32.lib user32.lib gdi32.lib winspool.lib comdlg32.lib advapi32.lib shell32.lib ole32.lib oleaut32.lib uuid.lib odbc32.lib odbccp32.lib /MANIFEST /MANIFESTUAC:"level='asInvoker' uiAccess='false'" /manifest:embed /DEBUG /PDB:"F:\GitHub_Project\Cocos2d-X_Tools\ClipboardHelper\proj.win32\Debug.win32\ClipboardHelper.pdb" /SUBSYSTEM:WINDOWS,"5.01" /TLBID:1 /DYNAMICBASE /NXCOMPAT /IMPLIB:"F:\GitHub_Project\Cocos2d-X_Tools\ClipboardHelper\proj.win32\Debug.win32\ClipboardHelper.lib" /MACHINE:X86 /SAFESEH Debug.win32\game.res
         Debug.win32\AppDelegate.obj
         Debug.win32\HelloWorldScene.obj
         Debug.win32\main.obj
     1>AppDelegate.obj : warning LNK4075: 忽略“/EDITANDCONTINUE”(由于“/SAFESEH”规范)
            正在创建库 F:\GitHub_Project\Cocos2d-X_Tools\ClipboardHelper\proj.win32\Debug.win32\ClipboardHelper.lib 和对象 F:\GitHub_Project\Cocos2d-X_Tools\ClipboardHelper\proj.win32\Debug.win32\ClipboardHelper.exp
         ClipboardHelper.vcxproj -> F:\GitHub_Project\Cocos2d-X_Tools\ClipboardHelper\proj.win32\Debug.win32\ClipboardHelper.exe
       CustomBuildStep:
         if not exist "F:\GitHub_Project\Cocos2d-X_Tools\ClipboardHelper\proj.win32\Debug.win32\" mkdir "F:\GitHub_Project\Cocos2d-X_Tools\ClipboardHelper\proj.win32\Debug.win32\"
         xcopy "F:\GitHub_Project\Cocos2d-X_Tools\ClipboardHelper\proj.win32\..\Resources" "F:\GitHub_Project\Cocos2d-X_Tools\ClipboardHelper\proj.win32\Debug.win32\" /D /E /I /F /Y
               
         :VCEnd
         F:\GitHub_Project\Cocos2d-X_Tools\ClipboardHelper\Resources\res\HelloWorld.png -> F:\GitHub_Project\Cocos2d-X_Tools\ClipboardHelper\proj.win32\Debug.win32\res\HelloWorld.png
         F:\GitHub_Project\Cocos2d-X_Tools\ClipboardHelper\Resources\res\MainScene.csb -> F:\GitHub_Project\Cocos2d-X_Tools\ClipboardHelper\proj.win32\Debug.win32\res\MainScene.csb
         复制了 2 个文件
     1>已完成生成项目“F:\GitHub_Project\Cocos2d-X_Tools\ClipboardHelper\proj.win32\ClipboardHelper.vcxproj”(Build 个目标)的操作。

生成成功。

已用时间 00:00:25.82
